[2026-06-06T12:46:04.857Z] {"timestamp":1780749960834,"level":"DEBUG","args":["[Manus] Debug collector initialized (no rrweb, UI events only)"],"stack":null}
[2026-06-06T12:46:13.861Z] {"timestamp":1780749965078,"level":"DEBUG","args":["[vite] connected."],"stack":null}
[2026-06-06T12:46:21.774Z] {"timestamp":1780749977344,"level":"INFO","args":["%cDownload the React DevTools for a better development experience: https://react.dev/link/react-devtools","font-weight:bold"],"stack":null}
[2026-06-06T12:46:21.774Z] {"timestamp":1780749977591,"level":"LOG","args":["Firebase initialized successfully"],"stack":null}
[2026-06-06T12:46:38.204Z] {"timestamp":1780749997638,"level":"DEBUG","args":["[vite]","hot updated: /src/index.css"],"stack":null}
[2026-06-06T12:46:40.662Z] {"timestamp":1780749998643,"level":"DEBUG","args":["[Manus] Debug collector initialized (no rrweb, UI events only)"],"stack":null}
[2026-06-06T12:46:40.662Z] {"timestamp":1780749998651,"level":"DEBUG","args":["[vite] connected."],"stack":null}
[2026-06-06T12:46:40.662Z] {"timestamp":1780749998744,"level":"INFO","args":["%cDownload the React DevTools for a better development experience: https://react.dev/link/react-devtools","font-weight:bold"],"stack":null}
[2026-06-06T12:46:40.662Z] {"timestamp":1780749998761,"level":"LOG","args":["Firebase initialized successfully"],"stack":null}
[2026-06-06T12:47:08.646Z] {"timestamp":1780750027584,"level":"ERROR","args":["Google login error:",{"type":"Error","message":"Firebase: Error (auth/popup-blocked).","stack":"FirebaseError: Firebase: Error (auth/popup-blocked).\n    at createErrorInternal (http://localhost:3000/@fs/D:/download2/digital-edu/node_modules/.vite/deps/firebase_auth.js?v=88c73fb7:697:37)\n    at _assert (http://localhost:3000/@fs/D:/download2/digital-edu/node_modules/.vite/deps/firebase_auth.js?v=88c73fb7:703:11)\n    at _open (http://localhost:3000/@fs/D:/download2/digital-edu/node_modules/.vite/deps/firebase_auth.js?v=88c73fb7:7560:3)\n    at BrowserPopupRedirectResolver._openPopup (http://localhost:3000/@fs/D:/download2/digital-edu/node_modules/.vite/deps/firebase_auth.js?v=88c73fb7:7654:12)\n    at async _PopupOperation.onExecution (http://localhost:3000/@fs/D:/download2/digital-edu/node_modules/.vite/deps/firebase_auth.js?v=88c73fb7:7020:23)\n    at async http://localhost:3000/@fs/D:/download2/digital-edu/node_modules/.vite/deps/firebase_auth.js?v=88c73fb7:6892:9"}],"stack":"Error\n    at console.<computed> [as error] (http://localhost:3000/__manus__/debug-collector.js:391:37)\n    at Object.loginWithGoogle (http://localhost:3000/src/lib/firebase.ts:118:15)\n    at async handleGoogleLogin (http://localhost:3000/src/pages/Login.tsx:68:40)"}
[2026-06-06T12:47:39.940Z] {"timestamp":1780750054958,"level":"DEBUG","args":["[Manus] Debug collector initialized (no rrweb, UI events only)"],"stack":null}
[2026-06-06T12:47:39.940Z] {"timestamp":1780750054966,"level":"DEBUG","args":["[vite] connected."],"stack":null}
[2026-06-06T12:47:39.940Z] {"timestamp":1780750055268,"level":"INFO","args":["%cDownload the React DevTools for a better development experience: https://react.dev/link/react-devtools","font-weight:bold"],"stack":null}
[2026-06-06T12:47:39.940Z] {"timestamp":1780750055286,"level":"LOG","args":["Firebase initialized successfully"],"stack":null}
[2026-06-06T12:48:16.659Z] {"timestamp":1780750083670,"level":"LOG","args":["[vite] server connection lost. Polling for restart..."],"stack":null}
[2026-06-06T12:48:17.177Z] {"timestamp":1780750083670,"level":"LOG","args":["[vite] server connection lost. Polling for restart..."],"stack":null}
[2026-06-06T12:48:19.741Z] {"timestamp":1780750097728,"level":"DEBUG","args":["[Manus] Debug collector initialized (no rrweb, UI events only)"],"stack":null}
[2026-06-06T12:48:19.741Z] {"timestamp":1780750097730,"level":"DEBUG","args":["[vite] connected."],"stack":null}
[2026-06-06T12:48:24.007Z] {"timestamp":1780750101997,"level":"DEBUG","args":["[Manus] Debug collector initialized (no rrweb, UI events only)"],"stack":null}
[2026-06-06T12:48:24.007Z] {"timestamp":1780750102007,"level":"DEBUG","args":["[vite] connected."],"stack":null}
[2026-06-06T12:48:24.007Z] {"timestamp":1780750103822,"level":"INFO","args":["%cDownload the React DevTools for a better development experience: https://react.dev/link/react-devtools","font-weight:bold"],"stack":null}
[2026-06-06T12:48:24.007Z] {"timestamp":1780750103838,"level":"LOG","args":["Firebase initialized successfully"],"stack":null}
[2026-06-06T12:48:42.003Z] {"timestamp":1780750121453,"level":"LOG","args":["Google login successful:","natnaelermiyas461@gmail.com"],"stack":null}
[2026-06-06T12:48:46.003Z] {"timestamp":1780750124060,"level":"ERROR","args":["Error fetching all courses:",{"type":"Error","message":"Missing or insufficient permissions.","stack":"FirebaseError: Missing or insufficient permissions."}],"stack":"Error\n    at console.<computed> [as error] (http://localhost:3000/__manus__/debug-collector.js:391:37)\n    at Object.getAllCourses (http://localhost:3000/src/lib/courseService.ts:26:15)\n    at async fetchStats (http://localhost:3000/src/pages/superadmin/Overview.tsx:82:27)"}
[2026-06-06T12:49:08.001Z] {"timestamp":1780750146460,"level":"ERROR","args":["Error fetching all courses:",{"type":"Error","message":"Missing or insufficient permissions.","stack":"FirebaseError: Missing or insufficient permissions."}],"stack":"Error\n    at console.<computed> [as error] (http://localhost:3000/__manus__/debug-collector.js:391:37)\n    at Object.getAllCourses (http://localhost:3000/src/lib/courseService.ts:26:15)\n    at async fetchCourses (http://localhost:3000/src/pages/superadmin/Courses.tsx:19:42)"}
[2026-06-06T12:49:10.002Z] {"timestamp":1780750148214,"level":"ERROR","args":["Error fetching all courses:",{"type":"Error","message":"Missing or insufficient permissions.","stack":"FirebaseError: Missing or insufficient permissions."}],"stack":"Error\n    at console.<computed> [as error] (http://localhost:3000/__manus__/debug-collector.js:391:37)\n    at Object.getAllCourses (http://localhost:3000/src/lib/courseService.ts:26:15)\n    at async Promise.all (index 1)"}
[2026-06-06T12:49:10.002Z] {"timestamp":1780750148868,"level":"ERROR","args":["Error fetching all courses:",{"type":"Error","message":"Missing or insufficient permissions.","stack":"FirebaseError: Missing or insufficient permissions."}],"stack":"Error\n    at console.<computed> [as error] (http://localhost:3000/__manus__/debug-collector.js:391:37)\n    at Object.getAllCourses (http://localhost:3000/src/lib/courseService.ts:26:15)\n    at async fetchCourses (http://localhost:3000/src/pages/superadmin/Courses.tsx:19:42)"}
[2026-06-06T12:49:14.002Z] {"timestamp":1780750152351,"level":"ERROR","args":["Error fetching all courses:",{"type":"Error","message":"Missing or insufficient permissions.","stack":"FirebaseError: Missing or insufficient permissions."}],"stack":"Error\n    at console.<computed> [as error] (http://localhost:3000/__manus__/debug-collector.js:391:37)\n    at Object.getAllCourses (http://localhost:3000/src/lib/courseService.ts:26:15)\n    at async Promise.all (index 1)"}
[2026-06-06T12:49:16.001Z] {"timestamp":1780750155834,"level":"ERROR","args":["Error fetching all courses:",{"type":"Error","message":"Missing or insufficient permissions.","stack":"FirebaseError: Missing or insufficient permissions."}],"stack":"Error\n    at console.<computed> [as error] (http://localhost:3000/__manus__/debug-collector.js:391:37)\n    at Object.getAllCourses (http://localhost:3000/src/lib/courseService.ts:26:15)\n    at async Promise.all (index 0)"}
[2026-06-06T12:49:22.001Z] {"timestamp":1780750161030,"level":"ERROR","args":["%o\n\n%s\n\n%s\n",{"type":"Error","message":"tabs.find(...)?.icon is not a function","stack":"TypeError: tabs.find(...)?.icon is not a function\n    at SuperadminSettings (http://localhost:3000/src/pages/superadmin/Settings.tsx:171:299)\n    at Object.react_stack_bottom_frame (http://localhost:3000/@fs/D:/download2/digital-edu/node_modules/.vite/deps/react-dom_client.js?v=d108f897:18509:20)\n    at renderWithHooks (http://localhost:3000/@fs/D:/download2/digital-edu/node_modules/.vite/deps/react-dom_client.js?v=d108f897:5654:24)\n    at updateFunctionComponent (http://localhost:3000/@fs/D:/download2/digital-edu/node_modules/.vite/deps/react-dom_client.js?v=d108f897:7475:21)\n    at beginWork (http://localhost:3000/@fs/D:/download2/digital-edu/node_modules/.vite/deps/react-dom_client.js?v=d108f897:8525:20)\n    at runWithFiberInDEV (http://localhost:3000/@fs/D:/download2/digital-edu/node_modules/.vite/deps/react-dom_client.js?v=d108f897:997:72)\n    at performUnitOfWork (http://localhost:3000/@fs/D:/download2/digital-edu/node_modules/.vite/deps/react-dom_client.js?v=d108f897:12561:98)\n    at workLoopSync (http://localhost:3000/@fs/D:/download2/digital-edu/node_modules/.vite/deps/react-dom_client.js?v=d108f897:12424:43)\n    at renderRootSync (http://localhost:3000/@fs/D:/download2/digital-edu/node_modules/.vite/deps/react-dom_client.js?v=d108f897:12408:13)\n    at performWorkOnRoot (http://localhost:3000/@fs/D:/download2/digital-edu/node_modules/.vite/deps/react-dom_client.js?v=d108f897:11827:37)"},"The above error occurred in the <SuperadminSettings> component.","React will try to recreate this component tree from scratch using the error boundary you provided, ErrorBoundary."],"stack":"Error\n    at console.<computed> [as error] (http://localhost:3000/__manus__/debug-collector.js:391:37)\n    at defaultOnCaughtError (http://localhost:3000/@fs/D:/download2/digital-edu/node_modules/.vite/deps/react-dom_client.js?v=d108f897:7001:19)\n    at logCaughtError (http://localhost:3000/@fs/D:/download2/digital-edu/node_modules/.vite/deps/react-dom_client.js?v=d108f897:7033:11)\n    at runWithFiberInDEV (http://localhost:3000/@fs/D:/download2/digital-edu/node_modules/.vite/deps/react-dom_client.js?v=d108f897:997:72)\n    at update.callback (http://localhost:3000/@fs/D:/download2/digital-edu/node_modules/.vite/deps/react-dom_client.js?v=d108f897:7066:13)\n    at callCallback (http://localhost:3000/@fs/D:/download2/digital-edu/node_modules/.vite/deps/react-dom_client.js?v=d108f897:5491:18)\n    at commitCallbacks (http://localhost:3000/@fs/D:/download2/digital-edu/node_modules/.vite/deps/react-dom_client.js?v=d108f897:5503:13)\n    at runWithFiberInDEV (http://localhost:3000/@fs/D:/download2/digital-edu/node_modules/.vite/deps/react-dom_client.js?v=d108f897:997:72)\n    at commitClassCallbacks (http://localhost:3000/@fs/D:/download2/digital-edu/node_modules/.vite/deps/react-dom_client.js?v=d108f897:9490:13)\n    at commitLayoutEffectOnFiber (http://localhost:3000/@fs/D:/download2/digital-edu/node_modules/.vite/deps/react-dom_client.js?v=d108f897:9958:27)"}
[2026-06-06T12:49:29.042Z] {"timestamp":1780750167029,"level":"DEBUG","args":["[Manus] Debug collector initialized (no rrweb, UI events only)"],"stack":null}
[2026-06-06T12:49:29.042Z] {"timestamp":1780750167038,"level":"DEBUG","args":["[vite] connected."],"stack":null}
[2026-06-06T12:49:29.042Z] {"timestamp":1780750167215,"level":"INFO","args":["%cDownload the React DevTools for a better development experience: https://react.dev/link/react-devtools","font-weight:bold"],"stack":null}
[2026-06-06T12:49:29.042Z] {"timestamp":1780750167233,"level":"LOG","args":["Firebase initialized successfully"],"stack":null}
[2026-06-06T12:49:31.190Z] {"timestamp":1780750170185,"level":"ERROR","args":["Error fetching all courses:",{"type":"Error","message":"Missing or insufficient permissions.","stack":"FirebaseError: Missing or insufficient permissions."}],"stack":"Error\n    at console.<computed> [as error] (http://localhost:3000/__manus__/debug-collector.js:391:37)\n    at Object.getAllCourses (http://localhost:3000/src/lib/courseService.ts:26:15)\n    at async Promise.all (index 0)"}
[2026-06-06T12:50:03.037Z] {"timestamp":1780750202361,"level":"ERROR","args":["Cannot update a component (`%s`) while rendering a different component (`%s`). To locate the bad setState() call inside `%s`, follow the stack trace as described in https://react.dev/link/setstate-in-render","ProtectedRoute","ProtectedRoute","ProtectedRoute"],"stack":"Error\n    at console.<computed> [as error] (http://localhost:3000/__manus__/debug-collector.js:391:37)\n    at scheduleUpdateOnFiber (http://localhost:3000/@fs/D:/download2/digital-edu/node_modules/.vite/deps/react-dom_client.js?v=d108f897:11686:199)\n    at forceStoreRerender (http://localhost:3000/@fs/D:/download2/digital-edu/node_modules/.vite/deps/react-dom_client.js?v=d108f897:6105:27)\n    at http://localhost:3000/@fs/D:/download2/digital-edu/node_modules/.vite/deps/react-dom_client.js?v=d108f897:6090:107\n    at history.<computed> [as pushState] (http://localhost:3000/@fs/D:/download2/digital-edu/node_modules/.vite/deps/wouter.js?v=d108f897:179:7)\n    at navigate (http://localhost:3000/@fs/D:/download2/digital-edu/node_modules/.vite/deps/wouter.js?v=d108f897:169:117)\n    at Object.aroundNav (http://localhost:3000/@fs/D:/download2/digital-edu/node_modules/.vite/deps/wouter.js?v=d108f897:215:27)\n    at Array.<anonymous> (http://localhost:3000/@fs/D:/download2/digital-edu/node_modules/.vite/deps/wouter.js?v=d108f897:227:28)\n    at http://localhost:3000/@fs/D:/download2/digital-edu/node_modules/.vite/deps/wouter.js?v=d108f897:124:52\n    at ProtectedRoute (http://localhost:3000/src/components/ProtectedRoute.tsx:22:5)"}
[2026-06-06T12:50:17.034Z] {"timestamp":1780750215846,"level":"LOG","args":["Google login successful:","ethcocoder@gmail.com"],"stack":null}
[2026-06-06T12:50:44.195Z] {"timestamp":1780750243541,"level":"DEBUG","args":["[vite]","hot updated: /src/pages/superadmin/Settings.tsx"],"stack":null}
[2026-06-06T12:50:44.195Z] {"timestamp":1780750243541,"level":"DEBUG","args":["[vite]","hot updated: /src/index.css"],"stack":null}
[2026-06-06T12:50:44.195Z] {"timestamp":1780750244146,"level":"DEBUG","args":["[vite]","hot updated: /src/components/ProtectedRoute.tsx"],"stack":null}
[2026-06-06T12:50:44.195Z] {"timestamp":1780750244146,"level":"DEBUG","args":["[vite]","hot updated: /src/index.css"],"stack":null}
[2026-06-06T12:50:44.195Z] {"timestamp":1780750244172,"level":"DEBUG","args":["[vite]","hot updated: /src/components/ProtectedRoute.tsx"],"stack":null}
[2026-06-06T12:50:44.195Z] {"timestamp":1780750244173,"level":"DEBUG","args":["[vite]","hot updated: /src/index.css"],"stack":null}
[2026-06-06T12:50:48.728Z] {"timestamp":1780750245179,"level":"DEBUG","args":["[Manus] Debug collector initialized (no rrweb, UI events only)"],"stack":null}
[2026-06-06T12:50:48.728Z] {"timestamp":1780750245247,"level":"DEBUG","args":["[vite] connected."],"stack":null}
[2026-06-06T12:50:58.168Z] {"timestamp":1780750256905,"level":"INFO","args":["%cDownload the React DevTools for a better development experience: https://react.dev/link/react-devtools","font-weight:bold"],"stack":null}
[2026-06-06T12:50:58.168Z] {"timestamp":1780750256925,"level":"LOG","args":["Firebase initialized successfully"],"stack":null}
[2026-06-06T12:51:02.166Z] {"timestamp":1780750262140,"level":"DEBUG","args":["[vite]","hot updated: /src/index.css"],"stack":null}
[2026-06-06T12:51:02.166Z] {"timestamp":1780750262140,"level":"DEBUG","args":["[vite]","hot updated: /src/components/AdminSidebar.tsx"],"stack":null}
[2026-06-06T12:51:04.167Z] {"timestamp":1780750262673,"level":"DEBUG","args":["[vite]","hot updated: /src/App.tsx"],"stack":null}
[2026-06-06T12:51:04.167Z] {"timestamp":1780750262673,"level":"DEBUG","args":["[vite]","hot updated: /src/index.css"],"stack":null}
[2026-06-06T12:51:04.167Z] {"timestamp":1780750263813,"level":"DEBUG","args":["[vite]","hot updated: /src/App.tsx"],"stack":null}
[2026-06-06T12:51:04.167Z] {"timestamp":1780750263813,"level":"DEBUG","args":["[vite]","hot updated: /src/index.css"],"stack":null}
[2026-06-06T12:51:25.184Z] {"timestamp":1780750283374,"level":"LOG","args":["Google login successful:","natnaelparadox@gmail.com"],"stack":null}
[2026-06-06T12:52:10.585Z] {"timestamp":1780750328571,"level":"DEBUG","args":["[Manus] Debug collector initialized (no rrweb, UI events only)"],"stack":null}
[2026-06-06T12:52:10.586Z] {"timestamp":1780750328588,"level":"DEBUG","args":["[vite] connected."],"stack":null}
[2026-06-06T12:52:10.586Z] {"timestamp":1780750328681,"level":"INFO","args":["%cDownload the React DevTools for a better development experience: https://react.dev/link/react-devtools","font-weight:bold"],"stack":null}
[2026-06-06T12:52:10.586Z] {"timestamp":1780750328697,"level":"LOG","args":["Firebase initialized successfully"],"stack":null}
[2026-06-06T12:52:44.572Z] {"timestamp":1780750363286,"level":"LOG","args":["Google login successful:","natnaelparadox@gmail.com"],"stack":null}
[2026-06-06T12:52:46.572Z] {"timestamp":1780750364587,"level":"ERROR","args":["Cannot update a component (`%s`) while rendering a different component (`%s`). To locate the bad setState() call inside `%s`, follow the stack trace as described in https://react.dev/link/setstate-in-render","Route","ProtectedRoute","ProtectedRoute"],"stack":"Error\n    at console.<computed> [as error] (http://localhost:3000/__manus__/debug-collector.js:391:37)\n    at scheduleUpdateOnFiber (http://localhost:3000/@fs/D:/download2/digital-edu/node_modules/.vite/deps/react-dom_client.js?v=5df17179:11686:199)\n    at forceStoreRerender (http://localhost:3000/@fs/D:/download2/digital-edu/node_modules/.vite/deps/react-dom_client.js?v=5df17179:6105:27)\n    at http://localhost:3000/@fs/D:/download2/digital-edu/node_modules/.vite/deps/react-dom_client.js?v=5df17179:6090:107\n    at history.<computed> [as pushState] (http://localhost:3000/@fs/D:/download2/digital-edu/node_modules/.vite/deps/wouter.js?v=5df17179:179:7)\n    at navigate (http://localhost:3000/@fs/D:/download2/digital-edu/node_modules/.vite/deps/wouter.js?v=5df17179:169:117)\n    at Object.aroundNav (http://localhost:3000/@fs/D:/download2/digital-edu/node_modules/.vite/deps/wouter.js?v=5df17179:215:27)\n    at Array.<anonymous> (http://localhost:3000/@fs/D:/download2/digital-edu/node_modules/.vite/deps/wouter.js?v=5df17179:227:28)\n    at http://localhost:3000/@fs/D:/download2/digital-edu/node_modules/.vite/deps/wouter.js?v=5df17179:124:52\n    at ProtectedRoute (http://localhost:3000/src/components/ProtectedRoute.tsx?t=1780750245267:28:5)"}
[2026-06-06T12:54:27.164Z] {"timestamp":1780750466433,"level":"DEBUG","args":["[vite]","invalidate /src/contexts/UserContext.tsx: Could not Fast Refresh (\"useUser\" export is incompatible). Learn more at https://github.com/vitejs/vite-plugin-react/tree/main/packages/plugin-react#consistent-components-exports"],"stack":null}
[2026-06-06T12:54:27.164Z] {"timestamp":1780750466433,"level":"DEBUG","args":["[vite]","hot updated: /src/contexts/UserContext.tsx"],"stack":null}
[2026-06-06T12:54:27.164Z] {"timestamp":1780750466433,"level":"DEBUG","args":["[vite]","hot updated: /src/index.css"],"stack":null}
[2026-06-06T12:54:29.165Z] {"timestamp":1780750467322,"level":"DEBUG","args":["[vite]","hot updated: /src/App.tsx"],"stack":null}
[2026-06-06T12:54:29.165Z] {"timestamp":1780750467323,"level":"DEBUG","args":["[vite]","hot updated: /src/pages/student/Learning.tsx"],"stack":null}
[2026-06-06T12:54:29.165Z] {"timestamp":1780750467323,"level":"DEBUG","args":["[vite]","hot updated: /src/pages/student/Certificates.tsx"],"stack":null}
[2026-06-06T12:54:29.165Z] {"timestamp":1780750467323,"level":"DEBUG","args":["[vite]","hot updated: /src/pages/instructor/Courses.tsx"],"stack":null}
[2026-06-06T12:54:29.165Z] {"timestamp":1780750467323,"level":"DEBUG","args":["[vite]","hot updated: /src/pages/instructor/Earnings.tsx"],"stack":null}
[2026-06-06T12:54:29.165Z] {"timestamp":1780750467323,"level":"DEBUG","args":["[vite]","hot updated: /src/components/ProtectedRoute.tsx"],"stack":null}
[2026-06-06T12:54:29.165Z] {"timestamp":1780750467323,"level":"DEBUG","args":["[vite]","hot updated: /src/pages/instructor/Dashboard.tsx"],"stack":null}
[2026-06-06T12:54:29.165Z] {"timestamp":1780750467323,"level":"DEBUG","args":["[vite]","hot updated: /src/pages/student/Catalog.tsx"],"stack":null}
[2026-06-06T12:54:29.165Z] {"timestamp":1780750467323,"level":"DEBUG","args":["[vite]","hot updated: /src/pages/instructor/Students.tsx"],"stack":null}
[2026-06-06T12:54:29.165Z] {"timestamp":1780750467323,"level":"DEBUG","args":["[vite]","hot updated: /src/pages/student/Achievements.tsx"],"stack":null}
[2026-06-06T12:54:29.165Z] {"timestamp":1780750467323,"level":"DEBUG","args":["[vite]","hot updated: /src/pages/instructor/CourseStudio.tsx"],"stack":null}
[2026-06-06T12:54:29.165Z] {"timestamp":1780750467323,"level":"DEBUG","args":["[vite]","hot updated: /src/pages/student/Dashboard.tsx"],"stack":null}
[2026-06-06T12:54:29.165Z] {"timestamp":1780750467323,"level":"DEBUG","args":["[vite]","hot updated: /src/pages/Home.tsx"],"stack":null}
[2026-06-06T12:54:29.165Z] {"timestamp":1780750467323,"level":"DEBUG","args":["[vite]","hot updated: /src/components/StudentLayout.tsx"],"stack":null}
[2026-06-06T12:54:29.165Z] {"timestamp":1780750467323,"level":"DEBUG","args":["[vite]","hot updated: /src/components/AdminLayout.tsx"],"stack":null}
[2026-06-06T12:54:29.165Z] {"timestamp":1780750467323,"level":"DEBUG","args":["[vite]","hot updated: /src/components/InstructorSidebar.tsx"],"stack":null}
[2026-06-06T12:54:29.165Z] {"timestamp":1780750467323,"level":"DEBUG","args":["[vite]","hot updated: /src/components/StudentSidebar.tsx"],"stack":null}
[2026-06-06T12:54:29.165Z] {"timestamp":1780750467323,"level":"DEBUG","args":["[vite]","hot updated: /src/components/AdminSidebar.tsx"],"stack":null}
[2026-06-06T12:54:29.165Z] {"timestamp":1780750467323,"level":"DEBUG","args":["[vite]","hot updated: /src/pages/superadmin/Settings.tsx"],"stack":null}
[2026-06-06T12:54:29.165Z] {"timestamp":1780750467323,"level":"DEBUG","args":["[vite]","hot updated: /src/components/UserSettingsPanel.tsx"],"stack":null}
[2026-06-06T12:54:31.165Z] {"timestamp":1780750470996,"level":"DEBUG","args":["[vite]","hot updated: /src/components/ProtectedRoute.tsx"],"stack":null}
[2026-06-06T12:54:31.165Z] {"timestamp":1780750470996,"level":"DEBUG","args":["[vite]","hot updated: /src/index.css"],"stack":null}
[2026-06-06T12:54:33.165Z] {"timestamp":1780750471387,"level":"DEBUG","args":["[vite]","hot updated: /src/pages/Login.tsx"],"stack":null}
[2026-06-06T12:54:33.165Z] {"timestamp":1780750471388,"level":"DEBUG","args":["[vite]","hot updated: /src/index.css"],"stack":null}
[2026-06-06T12:54:35.167Z] {"timestamp":1780750473553,"level":"DEBUG","args":["[vite]","hot updated: /src/pages/Login.tsx"],"stack":null}
[2026-06-06T12:54:35.167Z] {"timestamp":1780750473553,"level":"DEBUG","args":["[vite]","hot updated: /src/index.css"],"stack":null}
[2026-06-06T12:54:35.167Z] {"timestamp":1780750474417,"level":"DEBUG","args":["[vite]","hot updated: /src/pages/Home.tsx"],"stack":null}
[2026-06-06T12:54:35.167Z] {"timestamp":1780750474417,"level":"DEBUG","args":["[vite]","hot updated: /src/index.css"],"stack":null}
[2026-06-06T12:54:35.167Z] {"timestamp":1780750474564,"level":"DEBUG","args":["[vite]","hot updated: /src/pages/Login.tsx"],"stack":null}
[2026-06-06T12:54:35.167Z] {"timestamp":1780750474564,"level":"DEBUG","args":["[vite]","hot updated: /src/index.css"],"stack":null}
[2026-06-06T12:54:35.167Z] {"timestamp":1780750474973,"level":"DEBUG","args":["[vite]","hot updated: /src/pages/Login.tsx"],"stack":null}
[2026-06-06T12:54:35.167Z] {"timestamp":1780750474973,"level":"DEBUG","args":["[vite]","hot updated: /src/index.css"],"stack":null}
[2026-06-06T12:54:41.166Z] {"timestamp":1780750480708,"level":"DEBUG","args":["[vite]","hot updated: /src/pages/Home.tsx"],"stack":null}
[2026-06-06T12:54:41.166Z] {"timestamp":1780750480708,"level":"DEBUG","args":["[vite]","hot updated: /src/index.css"],"stack":null}
[2026-06-06T12:54:41.166Z] {"timestamp":1780750481069,"level":"DEBUG","args":["[vite]","hot updated: /src/pages/Register.tsx"],"stack":null}
[2026-06-06T12:54:41.166Z] {"timestamp":1780750481069,"level":"DEBUG","args":["[vite]","hot updated: /src/index.css"],"stack":null}
[2026-06-06T12:54:43.166Z] {"timestamp":1780750481978,"level":"DEBUG","args":["[vite]","hot updated: /src/pages/Register.tsx"],"stack":null}
[2026-06-06T12:54:43.166Z] {"timestamp":1780750481978,"level":"DEBUG","args":["[vite]","hot updated: /src/index.css"],"stack":null}
[2026-06-06T12:54:43.166Z] {"timestamp":1780750482849,"level":"DEBUG","args":["[vite]","hot updated: /src/pages/Register.tsx"],"stack":null}
[2026-06-06T12:54:43.166Z] {"timestamp":1780750482849,"level":"DEBUG","args":["[vite]","hot updated: /src/index.css"],"stack":null}
[2026-06-06T12:54:45.167Z] {"timestamp":1780750483915,"level":"DEBUG","args":["[vite]","hot updated: /src/pages/Register.tsx"],"stack":null}
[2026-06-06T12:54:45.167Z] {"timestamp":1780750483915,"level":"DEBUG","args":["[vite]","hot updated: /src/index.css"],"stack":null}
[2026-06-06T12:55:06.574Z] {"timestamp":1780750504702,"level":"ERROR","args":["Error fetching users:",{"type":"Error","message":"Missing or insufficient permissions.","stack":"FirebaseError: Missing or insufficient permissions."}],"stack":"Error\n    at console.<computed> [as error] (http://localhost:3000/__manus__/debug-collector.js:391:37)\n    at Object.getAllUsers (http://localhost:3000/src/lib/userService.ts:17:15)\n    at async fetchStats (http://localhost:3000/src/pages/admin/Overview.tsx?t=1780750466326:17:25)"}
[2026-06-06T12:55:06.574Z] {"timestamp":1780750504956,"level":"ERROR","args":["Error fetching all courses:",{"type":"Error","message":"Missing or insufficient permissions.","stack":"FirebaseError: Missing or insufficient permissions."}],"stack":"Error\n    at console.<computed> [as error] (http://localhost:3000/__manus__/debug-collector.js:391:37)\n    at Object.getAllCourses (http://localhost:3000/src/lib/courseService.ts:26:15)\n    at async fetchStats (http://localhost:3000/src/pages/admin/Overview.tsx?t=1780750466326:18:27)"}
[2026-06-06T12:55:08.573Z] {"timestamp":1780750506690,"level":"ERROR","args":["Error fetching users:",{"type":"Error","message":"Missing or insufficient permissions.","stack":"FirebaseError: Missing or insufficient permissions."}],"stack":"Error\n    at console.<computed> [as error] (http://localhost:3000/__manus__/debug-collector.js:391:37)\n    at Object.getAllUsers (http://localhost:3000/src/lib/userService.ts:17:15)\n    at async fetchUsers (http://localhost:3000/src/pages/admin/Users.tsx?t=1780750466326:20:38)"}
[2026-06-06T12:55:16.573Z] {"timestamp":1780750514808,"level":"ERROR","args":["Error fetching users:",{"type":"Error","message":"Missing or insufficient permissions.","stack":"FirebaseError: Missing or insufficient permissions."}],"stack":"Error\n    at console.<computed> [as error] (http://localhost:3000/__manus__/debug-collector.js:391:37)\n    at Object.getAllUsers (http://localhost:3000/src/lib/userService.ts:17:15)\n    at async fetchStats (http://localhost:3000/src/pages/admin/Overview.tsx?t=1780750466326:17:25)"}
[2026-06-06T12:55:16.573Z] {"timestamp":1780750515106,"level":"ERROR","args":["Error fetching all courses:",{"type":"Error","message":"Missing or insufficient permissions.","stack":"FirebaseError: Missing or insufficient permissions."}],"stack":"Error\n    at console.<computed> [as error] (http://localhost:3000/__manus__/debug-collector.js:391:37)\n    at Object.getAllCourses (http://localhost:3000/src/lib/courseService.ts:26:15)\n    at async fetchStats (http://localhost:3000/src/pages/admin/Overview.tsx?t=1780750466326:18:27)"}
[2026-06-06T12:55:16.573Z] {"timestamp":1780750516139,"level":"ERROR","args":["Error fetching users:",{"type":"Error","message":"Missing or insufficient permissions.","stack":"FirebaseError: Missing or insufficient permissions."}],"stack":"Error\n    at console.<computed> [as error] (http://localhost:3000/__manus__/debug-collector.js:391:37)\n    at Object.getAllUsers (http://localhost:3000/src/lib/userService.ts:17:15)\n    at async fetchUsers (http://localhost:3000/src/pages/admin/Users.tsx?t=1780750466326:20:38)"}
[2026-06-06T12:55:18.572Z] {"timestamp":1780750516774,"level":"ERROR","args":["Error fetching all courses:",{"type":"Error","message":"Missing or insufficient permissions.","stack":"FirebaseError: Missing or insufficient permissions."}],"stack":"Error\n    at console.<computed> [as error] (http://localhost:3000/__manus__/debug-collector.js:391:37)\n    at Object.getAllCourses (http://localhost:3000/src/lib/courseService.ts:26:15)\n    at async fetchCourses (http://localhost:3000/src/pages/superadmin/Courses.tsx?t=1780750466326:19:42)"}
[2026-06-06T12:55:20.573Z] {"timestamp":1780750519940,"level":"ERROR","args":["Error fetching users:",{"type":"Error","message":"Missing or insufficient permissions.","stack":"FirebaseError: Missing or insufficient permissions."}],"stack":"Error\n    at console.<computed> [as error] (http://localhost:3000/__manus__/debug-collector.js:391:37)\n    at Object.getAllUsers (http://localhost:3000/src/lib/userService.ts:17:15)\n    at async Promise.all (index 0)"}
[2026-06-06T12:55:20.573Z] {"timestamp":1780750520119,"level":"ERROR","args":["Error fetching all courses:",{"type":"Error","message":"Missing or insufficient permissions.","stack":"FirebaseError: Missing or insufficient permissions."}],"stack":"Error\n    at console.<computed> [as error] (http://localhost:3000/__manus__/debug-collector.js:391:37)\n    at Object.getAllCourses (http://localhost:3000/src/lib/courseService.ts:26:15)\n    at async Promise.all (index 1)"}
[2026-06-06T12:55:22.573Z] {"timestamp":1780750520952,"level":"ERROR","args":["Error fetching all courses:",{"type":"Error","message":"Missing or insufficient permissions.","stack":"FirebaseError: Missing or insufficient permissions."}],"stack":"Error\n    at console.<computed> [as error] (http://localhost:3000/__manus__/debug-collector.js:391:37)\n    at Object.getAllCourses (http://localhost:3000/src/lib/courseService.ts:26:15)\n    at async Promise.all (index 0)"}
[2026-06-06T12:55:24.573Z] {"timestamp":1780750523028,"level":"ERROR","args":["Error fetching users:",{"type":"Error","message":"Missing or insufficient permissions.","stack":"FirebaseError: Missing or insufficient permissions."}],"stack":"Error\n    at console.<computed> [as error] (http://localhost:3000/__manus__/debug-collector.js:391:37)\n    at Object.getAllUsers (http://localhost:3000/src/lib/userService.ts:17:15)\n    at async fetchStats (http://localhost:3000/src/pages/admin/Overview.tsx?t=1780750466326:17:25)"}
[2026-06-06T12:55:24.573Z] {"timestamp":1780750523262,"level":"ERROR","args":["Error fetching all courses:",{"type":"Error","message":"Missing or insufficient permissions.","stack":"FirebaseError: Missing or insufficient permissions."}],"stack":"Error\n    at console.<computed> [as error] (http://localhost:3000/__manus__/debug-collector.js:391:37)\n    at Object.getAllCourses (http://localhost:3000/src/lib/courseService.ts:26:15)\n    at async fetchStats (http://localhost:3000/src/pages/admin/Overview.tsx?t=1780750466326:18:27)"}
[2026-06-06T12:56:12.575Z] {"timestamp":1780750571456,"level":"LOG","args":["Google login successful:","ethcocoder@gmail.com"],"stack":null}
[2026-06-06T12:56:34.575Z] {"timestamp":1780750592575,"level":"LOG","args":["Google login successful:","natnaelparadox@gmail.com"],"stack":null}
[2026-06-06T12:56:34.575Z] {"timestamp":1780750593873,"level":"ERROR","args":["Error fetching users:",{"type":"Error","message":"Missing or insufficient permissions.","stack":"FirebaseError: Missing or insufficient permissions."}],"stack":"Error\n    at console.<computed> [as error] (http://localhost:3000/__manus__/debug-collector.js:391:37)\n    at Object.getAllUsers (http://localhost:3000/src/lib/userService.ts:17:15)\n    at async fetchStats (http://localhost:3000/src/pages/admin/Overview.tsx?t=1780750466326:17:25)"}
[2026-06-06T12:56:34.575Z] {"timestamp":1780750594112,"level":"ERROR","args":["Error fetching all courses:",{"type":"Error","message":"Missing or insufficient permissions.","stack":"FirebaseError: Missing or insufficient permissions."}],"stack":"Error\n    at console.<computed> [as error] (http://localhost:3000/__manus__/debug-collector.js:391:37)\n    at Object.getAllCourses (http://localhost:3000/src/lib/courseService.ts:26:15)\n    at async fetchStats (http://localhost:3000/src/pages/admin/Overview.tsx?t=1780750466326:18:27)"}
[2026-06-06T12:56:38.573Z] {"timestamp":1780750596669,"level":"ERROR","args":["Error fetching users:",{"type":"Error","message":"Missing or insufficient permissions.","stack":"FirebaseError: Missing or insufficient permissions."}],"stack":"Error\n    at console.<computed> [as error] (http://localhost:3000/__manus__/debug-collector.js:391:37)\n    at Object.getAllUsers (http://localhost:3000/src/lib/userService.ts:17:15)\n    at async fetchUsers (http://localhost:3000/src/pages/admin/Users.tsx?t=1780750466326:20:38)"}
[2026-06-06T12:57:40.576Z] {"timestamp":1780750659052,"level":"LOG","args":["Google login successful:","ethcodecoders@gmail.com"],"stack":null}
[2026-06-06T12:57:40.576Z] {"timestamp":1780750660366,"level":"ERROR","args":["[2026-06-06T12:57:40.366Z]  @firebase/firestore:","Firestore (12.12.0): Uncaught Error in snapshot listener:","FirebaseError: [code=failed-precondition]: The query requires an index. You can create it here: https://console.firebase.google.com/v1/r/project/digital-edu-b93df/firestore/indexes?create_composite=ClVwcm9qZWN0cy9kaWdpdGFsLWVkdS1iOTNkZi9kYXRhYmFzZXMvKGRlZmF1bHQpL2NvbGxlY3Rpb25Hcm91cHMvZW5yb2xsbWVudHMvaW5kZXhlcy9fEAEaDQoJc3R1ZGVudElkEAEaEgoObGFzdEFjY2Vzc2VkQXQQAhoMCghfX25hbWVfXxAC"],"stack":"Error\n    at console.<computed> [as error] (http://localhost:3000/__manus__/debug-collector.js:391:37)\n    at Logger.defaultLogHandler [as _logHandler] (http://localhost:3000/@fs/D:/download2/digital-edu/node_modules/.vite/deps/chunk-AKMSXHOC.js?v=5df17179:1072:20)\n    at Logger.error (http://localhost:3000/@fs/D:/download2/digital-edu/node_modules/.vite/deps/chunk-AKMSXHOC.js?v=5df17179:1140:10)\n    at __PRIVATE_logError (http://localhost:3000/@fs/D:/download2/digital-edu/node_modules/.vite/deps/firebase_firestore.js?v=5df17179:2563:7)\n    at __PRIVATE_AsyncObserver.error (http://localhost:3000/@fs/D:/download2/digital-edu/node_modules/.vite/deps/firebase_firestore.js?v=5df17179:15029:76)\n    at __PRIVATE_QueryListener.onError (http://localhost:3000/@fs/D:/download2/digital-edu/node_modules/.vite/deps/firebase_firestore.js?v=5df17179:13859:13)\n    at __PRIVATE_eventManagerOnWatchError (http://localhost:3000/@fs/D:/download2/digital-edu/node_modules/.vite/deps/firebase_firestore.js?v=5df17179:13812:36)\n    at __PRIVATE_removeAndCleanupTarget (http://localhost:3000/@fs/D:/download2/digital-edu/node_modules/.vite/deps/firebase_firestore.js?v=5df17179:14531:58)\n    at http://localhost:3000/@fs/D:/download2/digital-edu/node_modules/.vite/deps/firebase_firestore.js?v=5df17179:14468:17\n    at async __PRIVATE_syncEngineRejectListen (http://localhost:3000/@fs/D:/download2/digital-edu/node_modules/.vite/deps/firebase_firestore.js?v=5df17179:14463:10)"}
[2026-06-06T12:57:52.572Z] {"timestamp":1780750672529,"level":"ERROR","args":["[2026-06-06T12:57:52.529Z]  @firebase/firestore:","Firestore (12.12.0): Uncaught Error in snapshot listener:","FirebaseError: [code=failed-precondition]: The query requires an index. You can create it here: https://console.firebase.google.com/v1/r/project/digital-edu-b93df/firestore/indexes?create_composite=ClVwcm9qZWN0cy9kaWdpdGFsLWVkdS1iOTNkZi9kYXRhYmFzZXMvKGRlZmF1bHQpL2NvbGxlY3Rpb25Hcm91cHMvZW5yb2xsbWVudHMvaW5kZXhlcy9fEAEaDQoJc3R1ZGVudElkEAEaEgoObGFzdEFjY2Vzc2VkQXQQAhoMCghfX25hbWVfXxAC"],"stack":"Error\n    at console.<computed> [as error] (http://localhost:3000/__manus__/debug-collector.js:391:37)\n    at Logger.defaultLogHandler [as _logHandler] (http://localhost:3000/@fs/D:/download2/digital-edu/node_modules/.vite/deps/chunk-AKMSXHOC.js?v=5df17179:1072:20)\n    at Logger.error (http://localhost:3000/@fs/D:/download2/digital-edu/node_modules/.vite/deps/chunk-AKMSXHOC.js?v=5df17179:1140:10)\n    at __PRIVATE_logError (http://localhost:3000/@fs/D:/download2/digital-edu/node_modules/.vite/deps/firebase_firestore.js?v=5df17179:2563:7)\n    at __PRIVATE_AsyncObserver.error (http://localhost:3000/@fs/D:/download2/digital-edu/node_modules/.vite/deps/firebase_firestore.js?v=5df17179:15029:76)\n    at __PRIVATE_QueryListener.onError (http://localhost:3000/@fs/D:/download2/digital-edu/node_modules/.vite/deps/firebase_firestore.js?v=5df17179:13859:13)\n    at __PRIVATE_eventManagerOnWatchError (http://localhost:3000/@fs/D:/download2/digital-edu/node_modules/.vite/deps/firebase_firestore.js?v=5df17179:13812:36)\n    at __PRIVATE_removeAndCleanupTarget (http://localhost:3000/@fs/D:/download2/digital-edu/node_modules/.vite/deps/firebase_firestore.js?v=5df17179:14531:58)\n    at http://localhost:3000/@fs/D:/download2/digital-edu/node_modules/.vite/deps/firebase_firestore.js?v=5df17179:14468:17\n    at async __PRIVATE_syncEngineRejectListen (http://localhost:3000/@fs/D:/download2/digital-edu/node_modules/.vite/deps/firebase_firestore.js?v=5df17179:14463:10)"}
